device=cuda
training_data_parallel=[0, 1, 2, 3]
self_play_workers=16 self_play_devices=['cuda:0', 'cuda:1', 'cuda:2', 'cuda:3']
config preset=a100-4 iterations=100 games_per_iteration=96 simulations=384 mcts_batch_size=48 epochs=3 train_steps_per_iteration=96 batch_size=4096 replay_size=500000 lr=0.0002 min_lr=2e-05 lr_schedule=cosine warmup_iterations=5 mcts_c_puct=1.25 dirichlet_alpha=0.15 dirichlet_fraction=0.25 channels=192 residual_blocks=12 policy_channels=16 value_channels=8 value_hidden=512 use_se=True augment_symmetries=True amp=True amp_dtype=none mcts_amp_dtype=bf16 metrics_path=alphazero_gomoku/outputs/metrics/a100-4-prod-v3.jsonl
iter=1/100 phase=selfplay_start
selfplay_progress iter=1 games=1/96 elapsed=16s eta=25m 57s worker=0 device=cuda:0 worker_game=1/6 moves=30 policy_entropy=1.754 game_time=10s
selfplay_progress iter=1 games=2/96 elapsed=17s eta=13m 19s worker=1 device=cuda:1 worker_game=1/6 moves=28 policy_entropy=1.889 game_time=10s
selfplay_progress iter=1 games=3/96 elapsed=17s eta=9m 09s worker=15 device=cuda:3 worker_game=1/6 moves=26 policy_entropy=2.042 game_time=8s
selfplay_progress iter=1 games=4/96 elapsed=18s eta=7m 04s worker=11 device=cuda:3 worker_game=1/6 moves=30 policy_entropy=1.756 game_time=10s
selfplay_progress iter=1 games=5/96 elapsed=18s eta=5m 45s worker=3 device=cuda:3 worker_game=1/6 moves=32 policy_entropy=1.653 game_time=11s
selfplay_progress iter=1 games=6/96 elapsed=19s eta=4m 48s worker=13 device=cuda:1 worker_game=1/6 moves=33 policy_entropy=1.593 game_time=10s
selfplay_progress iter=1 games=7/96 elapsed=19s eta=4m 08s worker=8 device=cuda:0 worker_game=1/6 moves=33 policy_entropy=1.606 game_time=10s
selfplay_progress iter=1 games=8/96 elapsed=20s eta=3m 41s worker=14 device=cuda:2 worker_game=1/6 moves=33 policy_entropy=1.604 game_time=11s
selfplay_progress iter=1 games=9/96 elapsed=20s eta=3m 16s worker=5 device=cuda:1 worker_game=1/6 moves=35 policy_entropy=1.506 game_time=11s
selfplay_progress iter=1 games=10/96 elapsed=20s eta=2m 57s worker=9 device=cuda:1 worker_game=1/6 moves=38 policy_entropy=1.393 game_time=11s
selfplay_progress iter=1 games=11/96 elapsed=20s eta=2m 41s worker=10 device=cuda:2 worker_game=1/6 moves=42 policy_entropy=1.255 game_time=11s
selfplay_progress iter=1 games=12/96 elapsed=20s eta=2m 26s worker=12 device=cuda:0 worker_game=1/6 moves=40 policy_entropy=1.324 game_time=12s
selfplay_progress iter=1 games=13/96 elapsed=21s eta=2m 16s worker=7 device=cuda:3 worker_game=1/6 moves=42 policy_entropy=1.251 game_time=12s
selfplay_progress iter=1 games=14/96 elapsed=22s eta=2m 12s worker=6 device=cuda:2 worker_game=1/6 moves=47 policy_entropy=1.121 game_time=13s
selfplay_progress iter=1 games=15/96 elapsed=23s eta=2m 05s worker=2 device=cuda:2 worker_game=1/6 moves=55 policy_entropy=0.961 game_time=15s
selfplay_progress iter=1 games=16/96 elapsed=23s eta=1m 56s worker=4 device=cuda:0 worker_game=1/6 moves=56 policy_entropy=0.944 game_time=15s
selfplay_progress iter=1 games=17/96 elapsed=27s eta=2m 07s worker=0 device=cuda:0 worker_game=2/6 moves=47 policy_entropy=1.125 game_time=10s
selfplay_progress iter=1 games=18/96 elapsed=27s eta=2m 00s worker=15 device=cuda:3 worker_game=2/6 moves=39 policy_entropy=1.360 game_time=10s
selfplay_progress iter=1 games=19/96 elapsed=28s eta=1m 54s worker=9 device=cuda:1 worker_game=2/6 moves=23 policy_entropy=2.293 game_time=7s
selfplay_progress iter=1 games=20/96 elapsed=29s eta=1m 53s worker=11 device=cuda:3 worker_game=2/6 moves=42 policy_entropy=1.258 game_time=11s
selfplay_progress iter=1 games=21/96 elapsed=29s eta=1m 46s worker=14 device=cuda:2 worker_game=2/6 moves=36 policy_entropy=1.469 game_time=9s
selfplay_progress iter=1 games=22/96 elapsed=30s eta=1m 41s worker=13 device=cuda:1 worker_game=2/6 moves=45 policy_entropy=1.169 game_time=10s
selfplay_progress iter=1 games=23/96 elapsed=30s eta=1m 38s worker=12 device=cuda:0 worker_game=2/6 moves=37 policy_entropy=1.429 game_time=9s
selfplay_progress iter=1 games=24/96 elapsed=31s eta=1m 33s worker=1 device=cuda:1 worker_game=2/6 moves=59 policy_entropy=0.898 game_time=14s
selfplay_progress iter=1 games=25/96 elapsed=31s eta=1m 29s worker=8 device=cuda:0 worker_game=2/6 moves=43 policy_entropy=1.227 game_time=11s
selfplay_progress iter=1 games=26/96 elapsed=31s eta=1m 24s worker=7 device=cuda:3 worker_game=2/6 moves=37 policy_entropy=1.428 game_time=10s
selfplay_progress iter=1 games=27/96 elapsed=31s eta=1m 20s worker=3 device=cuda:3 worker_game=2/6 moves=52 policy_entropy=1.016 game_time=12s
selfplay_progress iter=1 games=28/96 elapsed=32s eta=1m 18s worker=10 device=cuda:2 worker_game=2/6 moves=41 policy_entropy=1.287 game_time=11s
selfplay_progress iter=1 games=29/96 elapsed=32s eta=1m 15s worker=2 device=cuda:2 worker_game=2/6 moves=34 policy_entropy=1.555 game_time=9s
selfplay_progress iter=1 games=30/96 elapsed=33s eta=1m 13s worker=5 device=cuda:1 worker_game=2/6 moves=43 policy_entropy=1.226 game_time=12s
selfplay_progress iter=1 games=31/96 elapsed=33s eta=1m 11s worker=6 device=cuda:2 worker_game=2/6 moves=43 policy_entropy=1.229 game_time=11s
selfplay_progress iter=1 games=32/96 elapsed=35s eta=1m 10s worker=11 device=cuda:3 worker_game=3/6 moves=14 policy_entropy=3.779 game_time=5s
selfplay_progress iter=1 games=33/96 elapsed=35s eta=1m 08s worker=4 device=cuda:0 worker_game=2/6 moves=49 policy_entropy=1.078 game_time=12s
selfplay_progress iter=1 games=34/96 elapsed=35s eta=1m 05s worker=9 device=cuda:1 worker_game=3/6 moves=27 policy_entropy=1.956 game_time=7s
selfplay_progress iter=1 games=35/96 elapsed=36s eta=1m 03s worker=0 device=cuda:0 worker_game=3/6 moves=32 policy_entropy=1.649 game_time=8s
selfplay_progress iter=1 games=36/96 elapsed=37s eta=1m 02s worker=8 device=cuda:0 worker_game=3/6 moves=19 policy_entropy=2.790 game_time=5s
selfplay_progress iter=1 games=37/96 elapsed=38s eta=1m 00s worker=13 device=cuda:1 worker_game=3/6 moves=27 policy_entropy=1.955 game_time=7s
selfplay_progress iter=1 games=38/96 elapsed=39s eta=1m 00s worker=3 device=cuda:3 worker_game=3/6 moves=27 policy_entropy=1.955 game_time=8s
selfplay_progress iter=1 games=39/96 elapsed=40s eta=58s worker=15 device=cuda:3 worker_game=3/6 moves=49 policy_entropy=1.080 game_time=12s
selfplay_progress iter=1 games=40/96 elapsed=40s eta=56s worker=12 device=cuda:0 worker_game=3/6 moves=36 policy_entropy=1.471 game_time=9s
selfplay_progress iter=1 games=41/96 elapsed=41s eta=55s worker=14 device=cuda:2 worker_game=3/6 moves=44 policy_entropy=1.204 game_time=11s
selfplay_progress iter=1 games=42/96 elapsed=41s eta=53s worker=1 device=cuda:1 worker_game=3/6 moves=38 policy_entropy=1.395 game_time=10s
selfplay_progress iter=1 games=43/96 elapsed=43s eta=54s worker=5 device=cuda:1 worker_game=3/6 moves=40 policy_entropy=1.318 game_time=10s
selfplay_progress iter=1 games=44/96 elapsed=43s eta=51s worker=2 device=cuda:2 worker_game=3/6 moves=45 policy_entropy=1.175 game_time=11s
selfplay_progress iter=1 games=45/96 elapsed=44s eta=50s worker=6 device=cuda:2 worker_game=3/6 moves=38 policy_entropy=1.392 game_time=10s
selfplay_progress iter=1 games=46/96 elapsed=44s eta=48s worker=7 device=cuda:3 worker_game=3/6 moves=56 policy_entropy=0.947 game_time=13s
selfplay_progress iter=1 games=47/96 elapsed=45s eta=47s worker=11 device=cuda:3 worker_game=4/6 moves=43 policy_entropy=1.224 game_time=10s
selfplay_progress iter=1 games=48/96 elapsed=45s eta=45s worker=10 device=cuda:2 worker_game=3/6 moves=54 policy_entropy=0.981 game_time=13s
selfplay_progress iter=1 games=49/96 elapsed=48s eta=46s worker=4 device=cuda:0 worker_game=3/6 moves=47 policy_entropy=1.127 game_time=12s
selfplay_progress iter=1 games=50/96 elapsed=48s eta=44s worker=14 device=cuda:2 worker_game=4/6 moves=22 policy_entropy=2.398 game_time=6s
selfplay_progress iter=1 games=51/96 elapsed=48s eta=42s worker=0 device=cuda:0 worker_game=4/6 moves=50 policy_entropy=1.055 game_time=12s
selfplay_progress iter=1 games=52/96 elapsed=48s eta=41s worker=12 device=cuda:0 worker_game=4/6 moves=30 policy_entropy=1.755 game_time=8s
selfplay_progress iter=1 games=53/96 elapsed=48s eta=39s worker=13 device=cuda:1 worker_game=4/6 moves=40 policy_entropy=1.317 game_time=10s
selfplay_progress iter=1 games=54/96 elapsed=49s eta=38s worker=8 device=cuda:0 worker_game=4/6 moves=45 policy_entropy=1.176 game_time=12s
selfplay_progress iter=1 games=55/96 elapsed=50s eta=37s worker=9 device=cuda:1 worker_game=4/6 moves=54 policy_entropy=0.979 game_time=14s
selfplay_progress iter=1 games=56/96 elapsed=50s eta=35s worker=3 device=cuda:3 worker_game=4/6 moves=45 policy_entropy=1.172 game_time=10s
selfplay_progress iter=1 games=57/96 elapsed=51s eta=35s worker=15 device=cuda:3 worker_game=4/6 moves=44 policy_entropy=1.206 game_time=11s
selfplay_progress iter=1 games=58/96 elapsed=52s eta=34s worker=6 device=cuda:2 worker_game=4/6 moves=26 policy_entropy=2.033 game_time=8s
selfplay_progress iter=1 games=59/96 elapsed=53s eta=33s worker=1 device=cuda:1 worker_game=4/6 moves=44 policy_entropy=1.203 game_time=11s
selfplay_progress iter=1 games=60/96 elapsed=53s eta=32s worker=2 device=cuda:2 worker_game=4/6 moves=35 policy_entropy=1.511 game_time=9s
selfplay_progress iter=1 games=61/96 elapsed=54s eta=31s worker=11 device=cuda:3 worker_game=5/6 moves=32 policy_entropy=1.653 game_time=8s
selfplay_progress iter=1 games=62/96 elapsed=54s eta=29s worker=10 device=cuda:2 worker_game=4/6 moves=40 policy_entropy=1.319 game_time=9s
selfplay_progress iter=1 games=63/96 elapsed=54s eta=28s worker=5 device=cuda:1 worker_game=4/6 moves=40 policy_entropy=1.319 game_time=10s
selfplay_progress iter=1 games=64/96 elapsed=56s eta=28s worker=7 device=cuda:3 worker_game=4/6 moves=48 policy_entropy=1.100 game_time=11s
selfplay_progress iter=1 games=65/96 elapsed=56s eta=27s worker=0 device=cuda:0 worker_game=5/6 moves=27 policy_entropy=1.957 game_time=8s
selfplay_progress iter=1 games=66/96 elapsed=57s eta=26s worker=14 device=cuda:2 worker_game=5/6 moves=33 policy_entropy=1.598 game_time=9s
selfplay_progress iter=1 games=67/96 elapsed=58s eta=25s worker=3 device=cuda:3 worker_game=5/6 moves=29 policy_entropy=1.822 game_time=7s
selfplay_progress iter=1 games=68/96 elapsed=58s eta=24s worker=6 device=cuda:2 worker_game=5/6 moves=20 policy_entropy=2.650 game_time=6s
selfplay_progress iter=1 games=69/96 elapsed=59s eta=23s worker=4 device=cuda:0 worker_game=4/6 moves=41 policy_entropy=1.285 game_time=10s
selfplay_progress iter=1 games=70/96 elapsed=59s eta=21s worker=8 device=cuda:0 worker_game=5/6 moves=33 policy_entropy=1.597 game_time=9s
selfplay_progress iter=1 games=71/96 elapsed=1m 00s eta=21s worker=13 device=cuda:1 worker_game=5/6 moves=47 policy_entropy=1.127 game_time=11s
selfplay_progress iter=1 games=72/96 elapsed=1m 00s eta=20s worker=11 device=cuda:3 worker_game=6/6 moves=22 policy_entropy=2.402 game_time=5s
selfplay_worker_done iter=1 device=cuda:3 games=6 examples=183 policy_entropy=2.012
selfplay_progress iter=1 games=73/96 elapsed=1m 01s eta=19s worker=10 device=cuda:2 worker_game=5/6 moves=21 policy_entropy=2.524 game_time=6s
selfplay_progress iter=1 games=74/96 elapsed=1m 01s eta=18s worker=15 device=cuda:3 worker_game=5/6 moves=33 policy_entropy=1.602 game_time=9s
selfplay_progress iter=1 games=75/96 elapsed=1m 02s eta=17s worker=12 device=cuda:0 worker_game=5/6 moves=59 policy_entropy=0.894 game_time=13s
selfplay_progress iter=1 games=76/96 elapsed=1m 02s eta=16s worker=9 device=cuda:1 worker_game=5/6 moves=52 policy_entropy=1.017 game_time=12s
selfplay_progress iter=1 games=77/96 elapsed=1m 02s eta=15s worker=7 device=cuda:3 worker_game=5/6 moves=22 policy_entropy=2.408 game_time=6s
selfplay_progress iter=1 games=78/96 elapsed=1m 03s eta=14s worker=3 device=cuda:3 worker_game=6/6 moves=15 policy_entropy=3.525 game_time=5s
selfplay_worker_done iter=1 device=cuda:3 games=6 examples=200 policy_entropy=1.857
selfplay_progress iter=1 games=79/96 elapsed=1m 05s eta=14s worker=2 device=cuda:2 worker_game=5/6 moves=48 policy_entropy=1.103 game_time=11s
selfplay_progress iter=1 games=80/96 elapsed=1m 05s eta=13s worker=1 device=cuda:1 worker_game=5/6 moves=48 policy_entropy=1.104 game_time=12s
selfplay_progress iter=1 games=81/96 elapsed=1m 05s eta=12s worker=0 device=cuda:0 worker_game=6/6 moves=30 policy_entropy=1.760 game_time=8s
selfplay_progress iter=1 games=82/96 elapsed=1m 05s eta=11s worker=5 device=cuda:1 worker_game=5/6 moves=41 policy_entropy=1.291 game_time=11s
selfplay_worker_done iter=1 device=cuda:0 games=6 examples=216 policy_entropy=1.550
selfplay_progress iter=1 games=83/96 elapsed=1m 05s eta=10s worker=4 device=cuda:0 worker_game=5/6 moves=27 policy_entropy=1.955 game_time=6s
selfplay_progress iter=1 games=84/96 elapsed=1m 07s eta=9s worker=15 device=cuda:3 worker_game=6/6 moves=17 policy_entropy=3.116 game_time=6s
selfplay_progress iter=1 games=85/96 elapsed=1m 08s eta=8s worker=10 device=cuda:2 worker_game=6/6 moves=23 policy_entropy=2.296 game_time=7s
selfplay_worker_done iter=1 device=cuda:3 games=6 examples=208 policy_entropy=1.734
selfplay_progress iter=1 games=86/96 elapsed=1m 09s eta=8s worker=6 device=cuda:2 worker_game=6/6 moves=39 policy_entropy=1.353 game_time=10s
selfplay_worker_done iter=1 device=cuda:2 games=6 examples=221 policy_entropy=1.610
selfplay_progress iter=1 games=87/96 elapsed=1m 09s eta=7s worker=14 device=cuda:2 worker_game=6/6 moves=49 policy_entropy=1.080 game_time=11s
selfplay_worker_done iter=1 device=cuda:2 games=6 examples=213 policy_entropy=1.630
selfplay_progress iter=1 games=88/96 elapsed=1m 09s eta=6s worker=13 device=cuda:1 worker_game=6/6 moves=34 policy_entropy=1.555 game_time=9s
selfplay_worker_done iter=1 device=cuda:2 games=6 examples=217 policy_entropy=1.559
selfplay_worker_done iter=1 device=cuda:1 games=6 examples=226 policy_entropy=1.453
selfplay_progress iter=1 games=89/96 elapsed=1m 10s eta=5s worker=7 device=cuda:3 worker_game=6/6 moves=31 policy_entropy=1.704 game_time=7s
selfplay_progress iter=1 games=90/96 elapsed=1m 11s eta=4s worker=12 device=cuda:0 worker_game=6/6 moves=41 policy_entropy=1.287 game_time=9s
selfplay_worker_done iter=1 device=cuda:3 games=6 examples=236 policy_entropy=1.473
selfplay_progress iter=1 games=91/96 elapsed=1m 12s eta=3s worker=8 device=cuda:0 worker_game=6/6 moves=54 policy_entropy=0.978 game_time=12s
selfplay_worker_done iter=1 device=cuda:0 games=6 examples=243 policy_entropy=1.360
selfplay_progress iter=1 games=92/96 elapsed=1m 12s eta=3s worker=9 device=cuda:1 worker_game=6/6 moves=35 policy_entropy=1.511 game_time=9s
selfplay_worker_done iter=1 device=cuda:0 games=6 examples=227 policy_entropy=1.562
selfplay_worker_done iter=1 device=cuda:1 games=6 examples=229 policy_entropy=1.525
selfplay_progress iter=1 games=93/96 elapsed=1m 15s eta=2s worker=4 device=cuda:0 worker_game=6/6 moves=40 policy_entropy=1.322 game_time=9s
selfplay_worker_done iter=1 device=cuda:0 games=6 examples=260 policy_entropy=1.285
selfplay_progress iter=1 games=94/96 elapsed=1m 17s eta=1s worker=2 device=cuda:2 worker_game=6/6 moves=56 policy_entropy=0.945 game_time=12s
selfplay_worker_done iter=1 device=cuda:2 games=6 examples=273 policy_entropy=1.208
selfplay_progress iter=1 games=95/96 elapsed=1m 18s eta=0s worker=5 device=cuda:1 worker_game=6/6 moves=54 policy_entropy=0.975 game_time=12s
selfplay_progress iter=1 games=96/96 elapsed=1m 18s eta=0s worker=1 device=cuda:1 worker_game=6/6 moves=57 policy_entropy=0.928 game_time=13s
selfplay_worker_done iter=1 device=cuda:1 games=6 examples=253 policy_entropy=1.273
selfplay_worker_done iter=1 device=cuda:1 games=6 examples=274 policy_entropy=1.236
iter=1/100 phase=selfplay_done raw_examples=3679 examples=29432 avg_moves=38.3 replay=29432 target_policy_entropy=1.5204 black_win_rate=0.510 white_win_rate=0.490 draw_rate=0.000 elapsed=1m 23s
train_warning skipped_batch loss=19926321152.0 policy=4.614838123321533 value=19926321152.0 logits_min=-1.4341731071472168 logits_max=1.2321592569351196 pred_value_min=-0.4463558793067932 pred_value_max=3873573.5 label_min=-1.0 label_max=1.0
train_warning skipped_batch loss=26554071515136.0 policy=4.615848541259766 value=26554071515136.0 logits_min=-1.311547875404358 logits_max=1.08424711227417 pred_value_min=-0.2179224044084549 pred_value_max=49360392.0 label_min=-1.0 label_max=1.0
train_progress iter=1/100 epoch=1/3 elapsed=1m 38s loss=5.9419 policy=4.6943 value=1.2477 policy_kl=3.3157 target_entropy=1.3786 pred_entropy=4.5663 policy_top1=0.0188 value_mae=1.0302 value_acc=0.4272 grad_norm=23033833.2672 steps=94 lr=4e-05 skipped=2
train_warning skipped_batch loss=20748196.0 policy=4.608989715576172 value=20748192.0 logits_min=-1.1269952058792114 logits_max=0.857898473739624 pred_value_min=-1.0 pred_value_max=90067.53125 label_min=-1.0 label_max=1.0
train_warning skipped_batch loss=9050263.0 policy=4.611166477203369 value=9050258.0 logits_min=-1.150612235069275 logits_max=1.115864634513855 pred_value_min=-0.293192058801651 pred_value_max=68584.375 label_min=-1.0 label_max=1.0
