device=cuda
self_play_workers=16 self_play_devices=['cuda:0', 'cuda:1', 'cuda:2', 'cuda:3']
config preset=a100-4 iterations=1 games_per_iteration=16 simulations=32 mcts_batch_size=16 epochs=1 train_steps_per_iteration=8 batch_size=2048 replay_size=500000 lr=0.0002 min_lr=2e-05 lr_schedule=cosine warmup_iterations=5 mcts_c_puct=1.25 dirichlet_alpha=0.15 dirichlet_fraction=0.25 channels=192 residual_blocks=12 policy_channels=16 value_channels=8 value_hidden=512 use_se=True augment_symmetries=True amp=True amp_dtype=none mcts_amp_dtype=bf16 metrics_path=alphazero_gomoku/outputs/metrics/prod-v3-smoke-stable.jsonl
iter=1/1 phase=selfplay_start
selfplay_progress iter=1 games=1/16 elapsed=13s eta=3m 21s worker=10 device=cuda:2 worker_game=1/1 moves=28 policy_entropy=1.307 game_time=2s
selfplay_progress iter=1 games=2/16 elapsed=13s eta=1m 34s worker=4 device=cuda:0 worker_game=1/1 moves=30 policy_entropy=1.176 game_time=2s
selfplay_worker_done iter=1 device=cuda:2 games=1 examples=28 policy_entropy=1.307
selfplay_progress iter=1 games=3/16 elapsed=13s eta=59s worker=2 device=cuda:2 worker_game=1/1 moves=42 policy_entropy=0.820 game_time=4s
selfplay_worker_done iter=1 device=cuda:0 games=1 examples=30 policy_entropy=1.176
selfplay_progress iter=1 games=4/16 elapsed=13s eta=41s worker=5 device=cuda:1 worker_game=1/1 moves=34 policy_entropy=1.065 game_time=2s
selfplay_worker_done iter=1 device=cuda:2 games=1 examples=42 policy_entropy=0.820
selfplay_progress iter=1 games=5/16 elapsed=13s eta=30s worker=14 device=cuda:2 worker_game=1/1 moves=38 policy_entropy=0.934 game_time=2s
selfplay_worker_done iter=1 device=cuda:1 games=1 examples=34 policy_entropy=1.065
selfplay_progress iter=1 games=6/16 elapsed=13s eta=22s worker=13 device=cuda:1 worker_game=1/1 moves=43 policy_entropy=0.806 game_time=3s
selfplay_worker_done iter=1 device=cuda:2 games=1 examples=38 policy_entropy=0.934
selfplay_progress iter=1 games=7/16 elapsed=13s eta=17s worker=8 device=cuda:0 worker_game=1/1 moves=41 policy_entropy=0.846 game_time=3s
selfplay_worker_done iter=1 device=cuda:1 games=1 examples=43 policy_entropy=0.806
selfplay_progress iter=1 games=8/16 elapsed=13s eta=13s worker=1 device=cuda:1 worker_game=1/1 moves=47 policy_entropy=0.753 game_time=3s
selfplay_worker_done iter=1 device=cuda:0 games=1 examples=41 policy_entropy=0.846
selfplay_progress iter=1 games=9/16 elapsed=13s eta=10s worker=0 device=cuda:0 worker_game=1/1 moves=40 policy_entropy=0.852 game_time=3s
selfplay_worker_done iter=1 device=cuda:1 games=1 examples=47 policy_entropy=0.753
selfplay_progress iter=1 games=10/16 elapsed=14s eta=8s worker=12 device=cuda:0 worker_game=1/1 moves=48 policy_entropy=0.741 game_time=3s
selfplay_worker_done iter=1 device=cuda:0 games=1 examples=40 policy_entropy=0.852
selfplay_progress iter=1 games=11/16 elapsed=14s eta=6s worker=3 device=cuda:3 worker_game=1/1 moves=31 policy_entropy=1.153 game_time=3s
selfplay_worker_done iter=1 device=cuda:0 games=1 examples=48 policy_entropy=0.741
selfplay_progress iter=1 games=12/16 elapsed=14s eta=4s worker=6 device=cuda:2 worker_game=1/1 moves=52 policy_entropy=0.672 game_time=3s
selfplay_worker_done iter=1 device=cuda:3 games=1 examples=31 policy_entropy=1.153
selfplay_progress iter=1 games=13/16 elapsed=14s eta=3s worker=9 device=cuda:1 worker_game=1/1 moves=53 policy_entropy=0.658 game_time=3s
selfplay_worker_done iter=1 device=cuda:2 games=1 examples=52 policy_entropy=0.672
selfplay_worker_done iter=1 device=cuda:1 games=1 examples=53 policy_entropy=0.658
selfplay_progress iter=1 games=14/16 elapsed=15s eta=2s worker=15 device=cuda:3 worker_game=1/1 moves=34 policy_entropy=1.021 game_time=3s
selfplay_progress iter=1 games=15/16 elapsed=16s eta=1s worker=11 device=cuda:3 worker_game=1/1 moves=51 policy_entropy=0.692 game_time=4s
selfplay_worker_done iter=1 device=cuda:3 games=1 examples=34 policy_entropy=1.021
selfplay_progress iter=1 games=16/16 elapsed=16s eta=0s worker=7 device=cuda:3 worker_game=1/1 moves=52 policy_entropy=0.672 game_time=4s
selfplay_worker_done iter=1 device=cuda:3 games=1 examples=51 policy_entropy=0.692
selfplay_worker_done iter=1 device=cuda:3 games=1 examples=52 policy_entropy=0.672
iter=1/1 phase=selfplay_done raw_examples=664 examples=5312 avg_moves=41.5 replay=5312 target_policy_entropy=0.8856 black_win_rate=0.375 white_win_rate=0.625 draw_rate=0.000 elapsed=20s
train_progress iter=1/1 epoch=1/1 elapsed=4s loss=5.5729 policy=4.5906 value=0.9823 policy_kl=3.7426 target_entropy=0.8480 pred_entropy=4.6044 policy_top1=0.0281 value_mae=0.9909 value_acc=0.6071 grad_norm=1.2991 steps=8 lr=4e-05 skipped=0 value_clamps=0
iter=1/1 raw_examples=664 examples=5312 avg_moves=41.5 loss=5.5729 policy=4.5906 value=0.9823 policy_kl=3.7426 target_entropy=0.8480 pred_entropy=4.6044 policy_top1=0.0281 value_mae=0.9909 value_acc=0.6071 selfplay_entropy=0.8856 eval_score=1.000 steps=8 skipped=0 value_clamps=0 iter_time=25s total_elapsed=25s total_eta=0s saved=alphazero_gomoku/outputs/checkpoints/prod-v3-smoke-stable/gomoku10_iter_0001.pt
replay_saved path=alphazero_gomoku/outputs/replay/prod-v3-smoke-stable_replay.pt examples=5312
